2024-05-05 23:02:00,600 - INFO - --------------------
2024-05-05 23:02:00,600 - INFO - EFIS Started
2024-05-05 23:02:00,600 - INFO - Serial Port: COM6
2024-05-05 23:02:00,600 - INFO - Baud Rate: 115200
2024-05-05 23:02:00,600 - INFO - --------------------
2024-05-05 23:02:38,112 - INFO - --------------------
2024-05-05 23:02:38,112 - INFO - EFIS Started
2024-05-05 23:02:38,112 - INFO - Serial Port Num: COM6
2024-05-05 23:02:38,112 - INFO - Serial Baud Rate: 115200
2024-05-05 23:02:38,112 - INFO - --------------------
2024-05-05 23:03:50,519 - INFO - --------------------
2024-05-05 23:03:50,519 - INFO - EFIS Started
2024-05-05 23:03:50,519 - INFO - Serial Port Num: COM6
2024-05-05 23:03:50,521 - INFO - Serial Baud Rate: 115200
2024-05-05 23:03:50,521 - INFO - --------------------
2024-05-05 23:14:06,486 - INFO - --------------------
2024-05-05 23:14:06,486 - INFO - EFIS Started
2024-05-05 23:14:06,486 - INFO - Serial Port Num: COM6
2024-05-05 23:14:06,486 - INFO - Serial Baud Rate: 115200
2024-05-05 23:14:06,486 - INFO - --------------------
2024-05-05 23:14:19,826 - INFO - --------------------
2024-05-05 23:14:19,826 - INFO - EFIS Started
2024-05-05 23:14:19,826 - INFO - Serial Port Num: COM6
2024-05-05 23:14:19,826 - INFO - Serial Baud Rate: 115200
2024-05-05 23:14:19,826 - INFO - --------------------
2024-05-05 23:14:22,653 - INFO - --------------------
2024-05-05 23:14:22,653 - INFO - EFIS Started
2024-05-05 23:14:22,653 - INFO - Serial Port Num: COM6
2024-05-05 23:14:22,653 - INFO - Serial Baud Rate: 115200
2024-05-05 23:14:22,653 - INFO - --------------------
2024-05-05 23:14:28,446 - INFO - --------------------
2024-05-05 23:14:28,447 - INFO - EFIS Started
2024-05-05 23:14:28,447 - INFO - Serial Port Num: COM6
2024-05-05 23:14:28,447 - INFO - Serial Baud Rate: 115200
2024-05-05 23:14:28,447 - INFO - --------------------
2024-05-05 23:14:39,908 - INFO - --------------------
2024-05-05 23:14:39,909 - INFO - EFIS Started
2024-05-05 23:14:39,909 - INFO - Serial Port Num: COM6
2024-05-05 23:14:39,909 - INFO - Serial Baud Rate: 115200
2024-05-05 23:14:39,909 - INFO - --------------------
2024-05-06 00:52:20,627 - INFO - --------------------
2024-05-06 00:52:20,627 - INFO - EFIS Started
2024-05-06 00:52:20,627 - INFO - Serial Port Num: COM6
2024-05-06 00:52:20,627 - INFO - Serial Baud Rate: 115200
2024-05-06 00:52:20,627 - INFO - --------------------
2024-05-06 00:52:40,234 - INFO - --------------------
2024-05-06 00:52:40,235 - INFO - EFIS Started
2024-05-06 00:52:40,235 - INFO - Serial Port Num: COM6
2024-05-06 00:52:40,235 - INFO - Serial Baud Rate: 115200
2024-05-06 00:52:40,235 - INFO - --------------------
2024-05-06 00:53:30,855 - INFO - --------------------
2024-05-06 00:53:30,855 - INFO - EFIS Started
2024-05-06 00:53:30,855 - INFO - Serial Port Num: COM6
2024-05-06 00:53:30,855 - INFO - Serial Baud Rate: 115200
2024-05-06 00:53:30,855 - INFO - --------------------
2024-05-06 01:30:33,371 - INFO - --------------------
2024-05-06 01:30:33,372 - INFO - EFIS Started
2024-05-06 01:30:33,372 - INFO - Serial Port Num: COM6
2024-05-06 01:30:33,372 - INFO - Serial Baud Rate: 115200
2024-05-06 01:30:33,372 - INFO - --------------------
2024-05-06 01:34:53,069 - INFO - --------------------
2024-05-06 01:34:53,069 - INFO - EFIS Started
2024-05-06 01:34:53,069 - INFO - Serial Port Num: COM6
2024-05-06 01:34:53,069 - INFO - Serial Baud Rate: 115200
2024-05-06 01:34:53,069 - INFO - --------------------
2024-05-06 01:36:52,182 - INFO - --------------------
2024-05-06 01:36:52,182 - INFO - EFIS Started
2024-05-06 01:36:52,182 - INFO - Serial Port Num: COM6
2024-05-06 01:36:52,182 - INFO - Serial Baud Rate: 115200
2024-05-06 01:36:52,182 - INFO - --------------------
2024-05-06 01:37:54,790 - INFO - --------------------
2024-05-06 01:37:54,790 - INFO - EFIS Started
2024-05-06 01:37:54,790 - INFO - Serial Port Num: COM6
2024-05-06 01:37:54,790 - INFO - Serial Baud Rate: 115200
2024-05-06 01:37:54,790 - INFO - --------------------
2024-05-06 02:46:48,598 - INFO - --------------------
2024-05-06 02:46:48,598 - INFO - EFIS Started
2024-05-06 02:46:48,598 - INFO - Serial Port Num: COM6
2024-05-06 02:46:48,598 - INFO - Serial Baud Rate: 115200
2024-05-06 02:46:48,598 - INFO - --------------------
2024-05-06 02:50:39,960 - INFO - --------------------
2024-05-06 02:50:39,960 - INFO - EFIS Started
2024-05-06 02:50:39,960 - INFO - Serial Port Num: COM6
2024-05-06 02:50:39,960 - INFO - Serial Baud Rate: 115200
2024-05-06 02:50:39,960 - INFO - --------------------
2024-05-06 02:51:34,135 - INFO - --------------------
2024-05-06 02:51:34,135 - INFO - EFIS Started
2024-05-06 02:51:34,135 - INFO - Serial Port Num: COM6
2024-05-06 02:51:34,135 - INFO - Serial Baud Rate: 115200
2024-05-06 02:51:34,136 - INFO - --------------------
2024-05-06 02:54:53,873 - INFO - --------------------
2024-05-06 02:54:53,873 - INFO - EFIS Started
2024-05-06 02:54:53,873 - INFO - Serial Port Num: COM6
2024-05-06 02:54:53,873 - INFO - Serial Baud Rate: 115200
2024-05-06 02:54:53,873 - INFO - --------------------
2024-05-06 02:56:04,928 - INFO - --------------------
2024-05-06 02:56:04,928 - INFO - EFIS Started
2024-05-06 02:56:04,928 - INFO - Serial Port Num: COM6
2024-05-06 02:56:04,928 - INFO - Serial Baud Rate: 115200
2024-05-06 02:56:04,928 - INFO - --------------------
2024-05-06 03:02:36,665 - INFO - --------------------
2024-05-06 03:02:36,665 - INFO - EFIS Started
2024-05-06 03:02:36,665 - INFO - Serial Port Num: COM6
2024-05-06 03:02:36,665 - INFO - Serial Baud Rate: 115200
2024-05-06 03:02:36,665 - INFO - --------------------
2024-05-06 03:02:54,203 - INFO - --------------------
2024-05-06 03:02:54,203 - INFO - EFIS Started
2024-05-06 03:02:54,203 - INFO - Serial Port Num: COM6
2024-05-06 03:02:54,203 - INFO - Serial Baud Rate: 115200
2024-05-06 03:02:54,203 - INFO - --------------------
2024-05-06 03:03:09,666 - INFO - --------------------
2024-05-06 03:03:09,666 - INFO - EFIS Started
2024-05-06 03:03:09,666 - INFO - Serial Port Num: COM6
2024-05-06 03:03:09,666 - INFO - Serial Baud Rate: 115200
2024-05-06 03:03:09,666 - INFO - --------------------
2024-05-06 03:03:25,226 - INFO - --------------------
2024-05-06 03:03:25,226 - INFO - EFIS Started
2024-05-06 03:03:25,226 - INFO - Serial Port Num: COM6
2024-05-06 03:03:25,226 - INFO - Serial Baud Rate: 115200
2024-05-06 03:03:25,226 - INFO - --------------------
2024-05-06 03:03:45,359 - INFO - --------------------
2024-05-06 03:03:45,360 - INFO - EFIS Started
2024-05-06 03:03:45,360 - INFO - Serial Port Num: COM6
2024-05-06 03:03:45,360 - INFO - Serial Baud Rate: 115200
2024-05-06 03:03:45,360 - INFO - --------------------
2024-05-06 03:04:06,600 - INFO - --------------------
2024-05-06 03:04:06,600 - INFO - EFIS Started
2024-05-06 03:04:06,600 - INFO - Serial Port Num: COM6
2024-05-06 03:04:06,600 - INFO - Serial Baud Rate: 115200
2024-05-06 03:04:06,600 - INFO - --------------------
2024-05-06 03:04:18,953 - INFO - --------------------
2024-05-06 03:04:18,953 - INFO - EFIS Started
2024-05-06 03:04:18,953 - INFO - Serial Port Num: COM6
2024-05-06 03:04:18,953 - INFO - Serial Baud Rate: 115200
2024-05-06 03:04:18,953 - INFO - --------------------
2024-05-06 03:04:59,134 - INFO - --------------------
2024-05-06 03:04:59,134 - INFO - EFIS Started
2024-05-06 03:04:59,134 - INFO - Serial Port Num: COM6
2024-05-06 03:04:59,134 - INFO - Serial Baud Rate: 115200
2024-05-06 03:04:59,134 - INFO - --------------------
2024-05-06 03:05:19,087 - INFO - --------------------
2024-05-06 03:05:19,087 - INFO - EFIS Started
2024-05-06 03:05:19,087 - INFO - Serial Port Num: COM6
2024-05-06 03:05:19,087 - INFO - Serial Baud Rate: 115200
2024-05-06 03:05:19,087 - INFO - --------------------
2024-05-06 03:05:39,157 - INFO - --------------------
2024-05-06 03:05:39,157 - INFO - EFIS Started
2024-05-06 03:05:39,157 - INFO - Serial Port Num: COM6
2024-05-06 03:05:39,157 - INFO - Serial Baud Rate: 115200
2024-05-06 03:05:39,157 - INFO - --------------------
2024-05-06 03:06:01,958 - INFO - --------------------
2024-05-06 03:06:01,958 - INFO - EFIS Started
2024-05-06 03:06:01,958 - INFO - Serial Port Num: COM6
2024-05-06 03:06:01,958 - INFO - Serial Baud Rate: 115200
2024-05-06 03:06:01,958 - INFO - --------------------
2024-05-06 03:08:10,623 - INFO - --------------------
2024-05-06 03:08:10,623 - INFO - EFIS Started
2024-05-06 03:08:10,623 - INFO - Serial Port Num: COM6
2024-05-06 03:08:10,624 - INFO - Serial Baud Rate: 115200
2024-05-06 03:08:10,624 - INFO - --------------------
2024-05-06 03:16:59,889 - INFO - --------------------
2024-05-06 03:16:59,890 - INFO - EFIS Started
2024-05-06 03:16:59,890 - INFO - Serial Port Num: COM6
2024-05-06 03:16:59,890 - INFO - Serial Baud Rate: 115200
2024-05-06 03:16:59,890 - INFO - --------------------
2024-05-06 03:17:40,351 - INFO - --------------------
2024-05-06 03:17:40,351 - INFO - EFIS Started
2024-05-06 03:17:40,351 - INFO - Serial Port Num: COM6
2024-05-06 03:17:40,351 - INFO - Serial Baud Rate: 115200
2024-05-06 03:17:40,351 - INFO - --------------------
2024-05-06 03:18:14,511 - INFO - --------------------
2024-05-06 03:18:14,512 - INFO - EFIS Started
2024-05-06 03:18:14,512 - INFO - Serial Port Num: COM6
2024-05-06 03:18:14,512 - INFO - Serial Baud Rate: 115200
2024-05-06 03:18:14,512 - INFO - --------------------
2024-05-06 03:20:26,675 - INFO - --------------------
2024-05-06 03:20:26,675 - INFO - EFIS Started
2024-05-06 03:20:26,675 - INFO - Serial Port Num: COM6
2024-05-06 03:20:26,675 - INFO - Serial Baud Rate: 115200
2024-05-06 03:20:26,675 - INFO - --------------------
2024-05-06 03:25:09,523 - INFO - --------------------
2024-05-06 03:25:09,523 - INFO - EFIS Started
2024-05-06 03:25:09,523 - INFO - Serial Port Num: COM6
2024-05-06 03:25:09,523 - INFO - Serial Baud Rate: 115200
2024-05-06 03:25:09,523 - INFO - --------------------
2024-05-06 03:25:19,795 - INFO - --------------------
2024-05-06 03:25:19,795 - INFO - EFIS Started
2024-05-06 03:25:19,795 - INFO - Serial Port Num: COM6
2024-05-06 03:25:19,795 - INFO - Serial Baud Rate: 115200
2024-05-06 03:25:19,795 - INFO - --------------------
2024-05-06 03:26:26,245 - INFO - --------------------
2024-05-06 03:26:26,246 - INFO - EFIS Started
2024-05-06 03:26:26,246 - INFO - Serial Port Num: COM6
2024-05-06 03:26:26,246 - INFO - Serial Baud Rate: 115200
2024-05-06 03:26:26,246 - INFO - --------------------
2024-05-06 03:29:07,465 - INFO - --------------------
2024-05-06 03:29:07,465 - INFO - EFIS Started
2024-05-06 03:29:07,465 - INFO - Serial Port Num: COM6
2024-05-06 03:29:07,465 - INFO - Serial Baud Rate: 115200
2024-05-06 03:29:07,465 - INFO - --------------------
